<?xml version="1.0" encoding="UTF-8"?>
<coverage generated="1712762233493" clover="3.2.0">
  <project timestamp="1712762233493" name="All files">
    <metrics statements="37" coveredstatements="30" conditionals="36" coveredconditionals="25" methods="12" coveredmethods="11" elements="85" coveredelements="66" complexity="0" loc="37" ncloc="37" packages="1" files="1" classes="1"/>
    <file name="searchEngine.js" path="C:\Users\cyril\Desktop\js-session-fev-2024\react_props_live\src\utils\searchEngine.js">
      <metrics statements="37" coveredstatements="30" conditionals="36" coveredconditionals="25" methods="12" coveredmethods="11"/>
      <line num="2" count="42" type="stmt"/>
      <line num="3" count="85" type="cond" truecount="4" falsecount="0"/>
      <line num="4" count="9" type="stmt"/>
      <line num="6" count="76" type="cond" truecount="2" falsecount="0"/>
      <line num="8" count="52" type="cond" truecount="4" falsecount="0"/>
      <line num="9" count="25" type="stmt"/>
      <line num="11" count="27" type="stmt"/>
      <line num="16" count="28" type="stmt"/>
      <line num="19" count="1" type="stmt"/>
      <line num="25" count="39" type="stmt"/>
      <line num="27" count="39" type="cond" truecount="4" falsecount="0"/>
      <line num="28" count="3" type="stmt"/>
      <line num="31" count="36" type="stmt"/>
      <line num="32" count="76" type="cond" truecount="2" falsecount="0"/>
      <line num="33" count="31" type="stmt"/>
      <line num="35" count="45" type="cond" truecount="2" falsecount="0"/>
      <line num="36" count="22" type="stmt"/>
      <line num="38" count="23" type="cond" truecount="3" falsecount="1"/>
      <line num="39" count="0" type="stmt"/>
      <line num="41" count="23" type="stmt"/>
      <line num="46" count="2" type="stmt"/>
      <line num="50" count="0" type="cond" truecount="0" falsecount="4"/>
      <line num="51" count="0" type="stmt"/>
      <line num="54" count="0" type="stmt"/>
      <line num="69" count="1" type="stmt"/>
      <line num="76" count="6" type="stmt"/>
      <line num="77" count="12" type="stmt"/>
      <line num="81" count="2" type="stmt"/>
      <line num="82" count="1" type="stmt"/>
      <line num="84" count="1" type="cond" truecount="3" falsecount="1"/>
      <line num="85" count="1" type="stmt"/>
      <line num="88" count="0" type="stmt"/>
      <line num="89" count="0" type="cond" truecount="0" falsecount="4"/>
      <line num="90" count="0" type="stmt"/>
      <line num="96" count="6" type="cond" truecount="1" falsecount="1"/>
      <line num="98" count="2" type="stmt"/>
      <line num="102" count="6" type="stmt"/>
    </file>
  </project>
</coverage>
