<?xml version="1.0" encoding="UTF-8"?>
<coverage generated="1712395677640" clover="3.2.0">
  <project timestamp="1712395677640" name="All files">
    <metrics statements="33" coveredstatements="27" conditionals="41" coveredconditionals="30" methods="6" coveredmethods="6" elements="80" coveredelements="63" complexity="0" loc="33" ncloc="33" packages="1" files="1" classes="1"/>
    <file name="searchEngine.js" path="C:\Users\cyril\Desktop\js-session-fev-2024\react_props_live\src\utils\searchEngine.js">
      <metrics statements="33" coveredstatements="27" conditionals="41" coveredconditionals="30" methods="6" coveredmethods="6"/>
      <line num="13" count="1" type="stmt"/>
      <line num="20" count="7" type="stmt"/>
      <line num="21" count="19" type="stmt"/>
      <line num="23" count="19" type="stmt"/>
      <line num="24" count="37" type="cond" truecount="2" falsecount="0"/>
      <line num="25" count="9" type="cond" truecount="2" falsecount="0"/>
      <line num="29" count="5" type="cond" truecount="2" falsecount="0"/>
      <line num="30" count="3" type="stmt"/>
      <line num="33" count="6" type="cond" truecount="2" falsecount="0"/>
      <line num="34" count="4" type="cond" truecount="2" falsecount="0"/>
      <line num="35" count="2" type="stmt"/>
      <line num="39" count="28" type="stmt"/>
      <line num="44" count="28" type="cond" truecount="4" falsecount="0"/>
      <line num="53" count="7" type="stmt"/>
      <line num="54" count="14" type="stmt"/>
      <line num="57" count="7" type="stmt"/>
      <line num="59" count="7" type="stmt"/>
      <line num="60" count="1" type="stmt"/>
      <line num="61" count="1" type="stmt"/>
      <line num="62" count="1" type="stmt"/>
      <line num="63" count="1" type="cond" truecount="3" falsecount="1"/>
      <line num="64" count="1" type="stmt"/>
      <line num="65" count="1" type="cond" truecount="1" falsecount="1"/>
      <line num="66" count="1" type="stmt"/>
      <line num="69" count="0" type="stmt"/>
      <line num="70" count="0" type="cond" truecount="0" falsecount="2"/>
      <line num="76" count="0" type="stmt"/>
      <line num="77" count="0" type="cond" truecount="0" falsecount="2"/>
      <line num="78" count="0" type="stmt"/>
      <line num="84" count="0" type="stmt"/>
      <line num="87" count="7" type="cond" truecount="1" falsecount="1"/>
      <line num="89" count="1" type="stmt"/>
      <line num="93" count="7" type="stmt"/>
    </file>
  </project>
</coverage>
