{"C:\\Users\\cyril\\Desktop\\js-session-fev-2024\\react_props_live\\src\\utils\\searchEngine.js": {"path":"C:\\Users\\cyril\\Desktop\\js-session-fev-2024\\react_props_live\\src\\utils\\searchEngine.js","statementMap":{"0":{"start":{"line":2,"column":2},"end":{"line":12,"column":4}},"1":{"start":{"line":3,"column":4},"end":{"line":5,"column":5}},"2":{"start":{"line":4,"column":6},"end":{"line":4,"column":19}},"3":{"start":{"line":6,"column":4},"end":{"line":6,"column":47}},"4":{"start":{"line":6,"column":35},"end":{"line":6,"column":47}},"5":{"start":{"line":8,"column":4},"end":{"line":10,"column":5}},"6":{"start":{"line":9,"column":6},"end":{"line":9,"column":19}},"7":{"start":{"line":11,"column":4},"end":{"line":11,"column":16}},"8":{"start":{"line":16,"column":2},"end":{"line":16,"column":76}},"9":{"start":{"line":19,"column":34},"end":{"line":43,"column":1}},"10":{"start":{"line":25,"column":18},"end":{"line":25,"column":55}},"11":{"start":{"line":27,"column":2},"end":{"line":29,"column":3}},"12":{"start":{"line":28,"column":4},"end":{"line":28,"column":17}},"13":{"start":{"line":31,"column":2},"end":{"line":42,"column":5}},"14":{"start":{"line":32,"column":4},"end":{"line":34,"column":5}},"15":{"start":{"line":33,"column":6},"end":{"line":33,"column":19}},"16":{"start":{"line":35,"column":4},"end":{"line":37,"column":5}},"17":{"start":{"line":36,"column":6},"end":{"line":36,"column":80}},"18":{"start":{"line":38,"column":4},"end":{"line":40,"column":5}},"19":{"start":{"line":39,"column":6},"end":{"line":39,"column":19}},"20":{"start":{"line":41,"column":4},"end":{"line":41,"column":49}},"21":{"start":{"line":46,"column":2},"end":{"line":46,"column":58}},"22":{"start":{"line":46,"column":18},"end":{"line":46,"column":57}},"23":{"start":{"line":50,"column":2},"end":{"line":52,"column":3}},"24":{"start":{"line":51,"column":4},"end":{"line":51,"column":16}},"25":{"start":{"line":54,"column":2},"end":{"line":54,"column":15}},"26":{"start":{"line":69,"column":28},"end":{"line":103,"column":1}},"27":{"start":{"line":76,"column":24},"end":{"line":78,"column":3}},"28":{"start":{"line":77,"column":4},"end":{"line":77,"column":66}},"29":{"start":{"line":81,"column":4},"end":{"line":93,"column":5}},"30":{"start":{"line":82,"column":22},"end":{"line":82,"column":43}},"31":{"start":{"line":84,"column":6},"end":{"line":86,"column":7}},"32":{"start":{"line":85,"column":8},"end":{"line":85,"column":56}},"33":{"start":{"line":88,"column":6},"end":{"line":92,"column":7}},"34":{"start":{"line":89,"column":8},"end":{"line":91,"column":9}},"35":{"start":{"line":90,"column":10},"end":{"line":90,"column":62}},"36":{"start":{"line":96,"column":22},"end":{"line":100,"column":19}},"37":{"start":{"line":98,"column":8},"end":{"line":98,"column":44}},"38":{"start":{"line":102,"column":2},"end":{"line":102,"column":25}}},"fnMap":{"0":{"name":"includeFn","decl":{"start":{"line":1,"column":16},"end":{"line":1,"column":25}},"loc":{"start":{"line":1,"column":54},"end":{"line":13,"column":1}},"line":1},"1":{"name":"(anonymous_1)","decl":{"start":{"line":2,"column":9},"end":{"line":2,"column":10}},"loc":{"start":{"line":2,"column":25},"end":{"line":12,"column":3}},"line":2},"2":{"name":"insensitiveSearch","decl":{"start":{"line":15,"column":16},"end":{"line":15,"column":33}},"loc":{"start":{"line":15,"column":54},"end":{"line":17,"column":1}},"line":15},"3":{"name":"(anonymous_3)","decl":{"start":{"line":19,"column":34},"end":{"line":19,"column":35}},"loc":{"start":{"line":24,"column":5},"end":{"line":43,"column":1}},"line":24},"4":{"name":"(anonymous_4)","decl":{"start":{"line":31,"column":34},"end":{"line":31,"column":35}},"loc":{"start":{"line":31,"column":52},"end":{"line":42,"column":3}},"line":31},"5":{"name":"hasPropertyFn","decl":{"start":{"line":45,"column":9},"end":{"line":45,"column":22}},"loc":{"start":{"line":45,"column":31},"end":{"line":47,"column":1}},"line":45},"6":{"name":"(anonymous_6)","decl":{"start":{"line":46,"column":9},"end":{"line":46,"column":10}},"loc":{"start":{"line":46,"column":18},"end":{"line":46,"column":57}},"line":46},"7":{"name":"isObject","decl":{"start":{"line":49,"column":9},"end":{"line":49,"column":17}},"loc":{"start":{"line":49,"column":25},"end":{"line":55,"column":1}},"line":49},"8":{"name":"(anonymous_8)","decl":{"start":{"line":69,"column":28},"end":{"line":69,"column":29}},"loc":{"start":{"line":75,"column":5},"end":{"line":103,"column":1}},"line":75},"9":{"name":"(anonymous_9)","decl":{"start":{"line":76,"column":37},"end":{"line":76,"column":38}},"loc":{"start":{"line":77,"column":4},"end":{"line":77,"column":66}},"line":77},"10":{"name":"searchPropertyInObject","decl":{"start":{"line":80,"column":11},"end":{"line":80,"column":33}},"loc":{"start":{"line":80,"column":46},"end":{"line":94,"column":3}},"line":80},"11":{"name":"(anonymous_11)","decl":{"start":{"line":97,"column":25},"end":{"line":97,"column":26}},"loc":{"start":{"line":97,"column":35},"end":{"line":99,"column":7}},"line":97}},"branchMap":{"0":{"loc":{"start":{"line":3,"column":4},"end":{"line":5,"column":5}},"type":"if","locations":[{"start":{"line":3,"column":4},"end":{"line":5,"column":5}},{"start":{},"end":{}}],"line":3},"1":{"loc":{"start":{"line":3,"column":8},"end":{"line":3,"column":58}},"type":"binary-expr","locations":[{"start":{"line":3,"column":8},"end":{"line":3,"column":28}},{"start":{"line":3,"column":32},"end":{"line":3,"column":58}}],"line":3},"2":{"loc":{"start":{"line":6,"column":4},"end":{"line":6,"column":47}},"type":"if","locations":[{"start":{"line":6,"column":4},"end":{"line":6,"column":47}},{"start":{},"end":{}}],"line":6},"3":{"loc":{"start":{"line":8,"column":4},"end":{"line":10,"column":5}},"type":"if","locations":[{"start":{"line":8,"column":4},"end":{"line":10,"column":5}},{"start":{},"end":{}}],"line":8},"4":{"loc":{"start":{"line":8,"column":8},"end":{"line":8,"column":59}},"type":"binary-expr","locations":[{"start":{"line":8,"column":8},"end":{"line":8,"column":28}},{"start":{"line":8,"column":32},"end":{"line":8,"column":59}}],"line":8},"5":{"loc":{"start":{"line":27,"column":2},"end":{"line":29,"column":3}},"type":"if","locations":[{"start":{"line":27,"column":2},"end":{"line":29,"column":3}},{"start":{},"end":{}}],"line":27},"6":{"loc":{"start":{"line":27,"column":6},"end":{"line":27,"column":45}},"type":"binary-expr","locations":[{"start":{"line":27,"column":6},"end":{"line":27,"column":18}},{"start":{"line":27,"column":22},"end":{"line":27,"column":45}}],"line":27},"7":{"loc":{"start":{"line":32,"column":4},"end":{"line":34,"column":5}},"type":"if","locations":[{"start":{"line":32,"column":4},"end":{"line":34,"column":5}},{"start":{},"end":{}}],"line":32},"8":{"loc":{"start":{"line":35,"column":4},"end":{"line":37,"column":5}},"type":"if","locations":[{"start":{"line":35,"column":4},"end":{"line":37,"column":5}},{"start":{},"end":{}}],"line":35},"9":{"loc":{"start":{"line":38,"column":4},"end":{"line":40,"column":5}},"type":"if","locations":[{"start":{"line":38,"column":4},"end":{"line":40,"column":5}},{"start":{},"end":{}}],"line":38},"10":{"loc":{"start":{"line":38,"column":8},"end":{"line":38,"column":62}},"type":"binary-expr","locations":[{"start":{"line":38,"column":8},"end":{"line":38,"column":33}},{"start":{"line":38,"column":37},"end":{"line":38,"column":62}}],"line":38},"11":{"loc":{"start":{"line":50,"column":2},"end":{"line":52,"column":3}},"type":"if","locations":[{"start":{"line":50,"column":2},"end":{"line":52,"column":3}},{"start":{},"end":{}}],"line":50},"12":{"loc":{"start":{"line":50,"column":6},"end":{"line":50,"column":49}},"type":"binary-expr","locations":[{"start":{"line":50,"column":6},"end":{"line":50,"column":20}},{"start":{"line":50,"column":24},"end":{"line":50,"column":49}}],"line":50},"13":{"loc":{"start":{"line":84,"column":6},"end":{"line":86,"column":7}},"type":"if","locations":[{"start":{"line":84,"column":6},"end":{"line":86,"column":7}},{"start":{},"end":{}}],"line":84},"14":{"loc":{"start":{"line":84,"column":10},"end":{"line":84,"column":40}},"type":"binary-expr","locations":[{"start":{"line":84,"column":10},"end":{"line":84,"column":23}},{"start":{"line":84,"column":27},"end":{"line":84,"column":40}}],"line":84},"15":{"loc":{"start":{"line":89,"column":8},"end":{"line":91,"column":9}},"type":"if","locations":[{"start":{"line":89,"column":8},"end":{"line":91,"column":9}},{"start":{},"end":{}}],"line":89},"16":{"loc":{"start":{"line":89,"column":12},"end":{"line":89,"column":54}},"type":"binary-expr","locations":[{"start":{"line":89,"column":12},"end":{"line":89,"column":31}},{"start":{"line":89,"column":35},"end":{"line":89,"column":54}}],"line":89},"17":{"loc":{"start":{"line":96,"column":22},"end":{"line":100,"column":19}},"type":"cond-expr","locations":[{"start":{"line":97,"column":6},"end":{"line":99,"column":8}},{"start":{"line":100,"column":6},"end":{"line":100,"column":19}}],"line":96}},"s":{"0":42,"1":85,"2":9,"3":76,"4":24,"5":52,"6":25,"7":27,"8":28,"9":1,"10":39,"11":39,"12":3,"13":36,"14":76,"15":31,"16":45,"17":22,"18":23,"19":0,"20":23,"21":1,"22":2,"23":0,"24":0,"25":0,"26":1,"27":6,"28":12,"29":2,"30":1,"31":1,"32":1,"33":0,"34":0,"35":0,"36":6,"37":2,"38":6},"f":{"0":42,"1":85,"2":28,"3":39,"4":76,"5":1,"6":2,"7":0,"8":6,"9":12,"10":2,"11":2},"b":{"0":[9,76],"1":[85,32],"2":[24,52],"3":[25,27],"4":[52,38],"5":[3,36],"6":[39,36],"7":[31,45],"8":[22,23],"9":[0,23],"10":[23,2],"11":[0,0],"12":[0,0],"13":[1,0],"14":[1,1],"15":[0,0],"16":[0,0],"17":[6,0]},"_coverageSchema":"1a1c01bbd47fc00a2c39e90264f33305004495a9","hash":"7bc6847cf9a44014b43d11f869dc95b2cd6dcfb5"}
}
