{"C:\\Users\\cyril\\Desktop\\js-session-fev-2024\\react_props_live\\src\\utils\\searchEngine.js": {"path":"C:\\Users\\cyril\\Desktop\\js-session-fev-2024\\react_props_live\\src\\utils\\searchEngine.js","statementMap":{"0":{"start":{"line":13,"column":28},"end":{"line":94,"column":1}},"1":{"start":{"line":20,"column":31},"end":{"line":51,"column":3}},"2":{"start":{"line":21,"column":17},"end":{"line":21,"column":33}},"3":{"start":{"line":23,"column":4},"end":{"line":50,"column":7}},"4":{"start":{"line":24,"column":6},"end":{"line":49,"column":7}},"5":{"start":{"line":25,"column":8},"end":{"line":32,"column":9}},"6":{"start":{"line":29,"column":10},"end":{"line":31,"column":11}},"7":{"start":{"line":30,"column":12},"end":{"line":30,"column":57}},"8":{"start":{"line":33,"column":8},"end":{"line":37,"column":9}},"9":{"start":{"line":34,"column":10},"end":{"line":36,"column":11}},"10":{"start":{"line":35,"column":12},"end":{"line":35,"column":57}},"11":{"start":{"line":39,"column":31},"end":{"line":42,"column":40}},"12":{"start":{"line":44,"column":8},"end":{"line":48,"column":27}},"13":{"start":{"line":53,"column":24},"end":{"line":55,"column":3}},"14":{"start":{"line":54,"column":4},"end":{"line":54,"column":40}},"15":{"start":{"line":57,"column":2},"end":{"line":57,"column":29}},"16":{"start":{"line":59,"column":33},"end":{"line":85,"column":3}},"17":{"start":{"line":60,"column":15},"end":{"line":60,"column":16}},"18":{"start":{"line":61,"column":4},"end":{"line":83,"column":5}},"19":{"start":{"line":61,"column":17},"end":{"line":61,"column":18}},"20":{"start":{"line":62,"column":21},"end":{"line":62,"column":35}},"21":{"start":{"line":63,"column":6},"end":{"line":82,"column":7}},"22":{"start":{"line":64,"column":8},"end":{"line":64,"column":56}},"23":{"start":{"line":65,"column":8},"end":{"line":67,"column":9}},"24":{"start":{"line":66,"column":10},"end":{"line":66,"column":22}},"25":{"start":{"line":69,"column":8},"end":{"line":81,"column":9}},"26":{"start":{"line":70,"column":10},"end":{"line":80,"column":11}},"27":{"start":{"line":76,"column":12},"end":{"line":76,"column":64}},"28":{"start":{"line":77,"column":12},"end":{"line":79,"column":13}},"29":{"start":{"line":78,"column":14},"end":{"line":78,"column":26}},"30":{"start":{"line":84,"column":4},"end":{"line":84,"column":16}},"31":{"start":{"line":87,"column":22},"end":{"line":91,"column":19}},"32":{"start":{"line":89,"column":8},"end":{"line":89,"column":44}},"33":{"start":{"line":93,"column":2},"end":{"line":93,"column":25}}},"fnMap":{"0":{"name":"(anonymous_0)","decl":{"start":{"line":13,"column":28},"end":{"line":13,"column":29}},"loc":{"start":{"line":19,"column":5},"end":{"line":94,"column":1}},"line":19},"1":{"name":"(anonymous_1)","decl":{"start":{"line":20,"column":31},"end":{"line":20,"column":32}},"loc":{"start":{"line":20,"column":47},"end":{"line":51,"column":3}},"line":20},"2":{"name":"(anonymous_2)","decl":{"start":{"line":23,"column":21},"end":{"line":23,"column":22}},"loc":{"start":{"line":23,"column":30},"end":{"line":50,"column":5}},"line":23},"3":{"name":"(anonymous_3)","decl":{"start":{"line":53,"column":37},"end":{"line":53,"column":38}},"loc":{"start":{"line":54,"column":4},"end":{"line":54,"column":40}},"line":54},"4":{"name":"(anonymous_4)","decl":{"start":{"line":59,"column":33},"end":{"line":59,"column":34}},"loc":{"start":{"line":59,"column":49},"end":{"line":85,"column":3}},"line":59},"5":{"name":"(anonymous_5)","decl":{"start":{"line":88,"column":25},"end":{"line":88,"column":26}},"loc":{"start":{"line":88,"column":35},"end":{"line":90,"column":7}},"line":88}},"branchMap":{"0":{"loc":{"start":{"line":24,"column":6},"end":{"line":49,"column":7}},"type":"if","locations":[{"start":{"line":24,"column":6},"end":{"line":49,"column":7}},{"start":{"line":38,"column":13},"end":{"line":49,"column":7}}],"line":24},"1":{"loc":{"start":{"line":25,"column":8},"end":{"line":32,"column":9}},"type":"if","locations":[{"start":{"line":25,"column":8},"end":{"line":32,"column":9}},{"start":{},"end":{}}],"line":25},"2":{"loc":{"start":{"line":26,"column":10},"end":{"line":27,"column":49}},"type":"binary-expr","locations":[{"start":{"line":26,"column":10},"end":{"line":26,"column":33}},{"start":{"line":27,"column":11},"end":{"line":27,"column":31}},{"start":{"line":27,"column":35},"end":{"line":27,"column":48}}],"line":26},"3":{"loc":{"start":{"line":29,"column":10},"end":{"line":31,"column":11}},"type":"if","locations":[{"start":{"line":29,"column":10},"end":{"line":31,"column":11}},{"start":{},"end":{}}],"line":29},"4":{"loc":{"start":{"line":33,"column":8},"end":{"line":37,"column":9}},"type":"if","locations":[{"start":{"line":33,"column":8},"end":{"line":37,"column":9}},{"start":{},"end":{}}],"line":33},"5":{"loc":{"start":{"line":34,"column":10},"end":{"line":36,"column":11}},"type":"if","locations":[{"start":{"line":34,"column":10},"end":{"line":36,"column":11}},{"start":{},"end":{}}],"line":34},"6":{"loc":{"start":{"line":44,"column":15},"end":{"line":48,"column":26}},"type":"cond-expr","locations":[{"start":{"line":45,"column":12},"end":{"line":45,"column":56}},{"start":{"line":46,"column":12},"end":{"line":48,"column":26}}],"line":44},"7":{"loc":{"start":{"line":44,"column":15},"end":{"line":44,"column":54}},"type":"binary-expr","locations":[{"start":{"line":44,"column":15},"end":{"line":44,"column":27}},{"start":{"line":44,"column":31},"end":{"line":44,"column":54}}],"line":44},"8":{"loc":{"start":{"line":45,"column":12},"end":{"line":45,"column":56}},"type":"binary-expr","locations":[{"start":{"line":45,"column":12},"end":{"line":45,"column":38}},{"start":{"line":45,"column":42},"end":{"line":45,"column":56}}],"line":45},"9":{"loc":{"start":{"line":46,"column":12},"end":{"line":48,"column":26}},"type":"cond-expr","locations":[{"start":{"line":47,"column":12},"end":{"line":47,"column":57}},{"start":{"line":48,"column":12},"end":{"line":48,"column":26}}],"line":46},"10":{"loc":{"start":{"line":46,"column":12},"end":{"line":46,"column":51}},"type":"binary-expr","locations":[{"start":{"line":46,"column":12},"end":{"line":46,"column":24}},{"start":{"line":46,"column":28},"end":{"line":46,"column":51}}],"line":46},"11":{"loc":{"start":{"line":47,"column":12},"end":{"line":47,"column":57}},"type":"binary-expr","locations":[{"start":{"line":47,"column":12},"end":{"line":47,"column":39}},{"start":{"line":47,"column":43},"end":{"line":47,"column":57}}],"line":47},"12":{"loc":{"start":{"line":63,"column":6},"end":{"line":82,"column":7}},"type":"if","locations":[{"start":{"line":63,"column":6},"end":{"line":82,"column":7}},{"start":{"line":68,"column":13},"end":{"line":82,"column":7}}],"line":63},"13":{"loc":{"start":{"line":63,"column":10},"end":{"line":63,"column":68}},"type":"binary-expr","locations":[{"start":{"line":63,"column":10},"end":{"line":63,"column":37}},{"start":{"line":63,"column":41},"end":{"line":63,"column":68}}],"line":63},"14":{"loc":{"start":{"line":65,"column":8},"end":{"line":67,"column":9}},"type":"if","locations":[{"start":{"line":65,"column":8},"end":{"line":67,"column":9}},{"start":{},"end":{}}],"line":65},"15":{"loc":{"start":{"line":70,"column":10},"end":{"line":80,"column":11}},"type":"if","locations":[{"start":{"line":70,"column":10},"end":{"line":80,"column":11}},{"start":{},"end":{}}],"line":70},"16":{"loc":{"start":{"line":71,"column":12},"end":{"line":74,"column":41}},"type":"binary-expr","locations":[{"start":{"line":71,"column":12},"end":{"line":71,"column":30}},{"start":{"line":72,"column":12},"end":{"line":72,"column":30}},{"start":{"line":73,"column":12},"end":{"line":73,"column":41}},{"start":{"line":74,"column":12},"end":{"line":74,"column":41}}],"line":71},"17":{"loc":{"start":{"line":77,"column":12},"end":{"line":79,"column":13}},"type":"if","locations":[{"start":{"line":77,"column":12},"end":{"line":79,"column":13}},{"start":{},"end":{}}],"line":77},"18":{"loc":{"start":{"line":87,"column":22},"end":{"line":91,"column":19}},"type":"cond-expr","locations":[{"start":{"line":88,"column":6},"end":{"line":90,"column":8}},{"start":{"line":91,"column":6},"end":{"line":91,"column":19}}],"line":87}},"s":{"0":1,"1":7,"2":19,"3":19,"4":37,"5":9,"6":5,"7":3,"8":6,"9":4,"10":2,"11":28,"12":28,"13":7,"14":14,"15":7,"16":7,"17":1,"18":1,"19":1,"20":1,"21":1,"22":1,"23":1,"24":1,"25":0,"26":0,"27":0,"28":0,"29":0,"30":0,"31":7,"32":1,"33":7},"f":{"0":7,"1":19,"2":37,"3":14,"4":1,"5":1},"b":{"0":[9,28],"1":[5,4],"2":[9,9,4],"3":[3,2],"4":[4,2],"5":[2,2],"6":[22,6],"7":[28,28],"8":[22,10],"9":[4,2],"10":[6,6],"11":[4,2],"12":[1,0],"13":[1,1],"14":[1,0],"15":[0,0],"16":[0,0,0,0],"17":[0,0],"18":[7,0]},"_coverageSchema":"1a1c01bbd47fc00a2c39e90264f33305004495a9","hash":"4a7db53a44ebc5c872cef9c64a05ec882eed7f4a"}
}
