TN:
SF:src\utils\searchEngine.js
FN:1,includeFn
FN:2,(anonymous_1)
FN:15,insensitiveSearch
FN:19,(anonymous_3)
FN:31,(anonymous_4)
FN:57,(anonymous_5)
FN:64,(anonymous_6)
FN:68,(anonymous_7)
FN:100,(anonymous_8)
FNF:9
FNH:9
FNDA:42,includeFn
FNDA:85,(anonymous_1)
FNDA:28,insensitiveSearch
FNDA:39,(anonymous_3)
FNDA:76,(anonymous_4)
FNDA:6,(anonymous_5)
FNDA:12,(anonymous_6)
FNDA:2,(anonymous_7)
FNDA:2,(anonymous_8)
DA:2,42
DA:3,85
DA:4,9
DA:6,76
DA:8,52
DA:9,25
DA:11,27
DA:16,28
DA:19,1
DA:25,39
DA:27,39
DA:28,3
DA:31,36
DA:32,76
DA:33,31
DA:35,45
DA:36,22
DA:38,23
DA:39,0
DA:41,23
DA:57,1
DA:64,6
DA:65,12
DA:68,6
DA:69,2
DA:70,2
DA:71,1
DA:72,1
DA:76,1
DA:77,1
DA:78,1
DA:81,0
DA:82,0
DA:88,0
DA:89,0
DA:90,0
DA:96,1
DA:99,6
DA:101,2
DA:105,6
LF:40
LH:34
BRDA:3,0,0,9
BRDA:3,0,1,76
BRDA:3,1,0,85
BRDA:3,1,1,32
BRDA:6,2,0,24
BRDA:6,2,1,52
BRDA:8,3,0,25
BRDA:8,3,1,27
BRDA:8,4,0,52
BRDA:8,4,1,38
BRDA:27,5,0,3
BRDA:27,5,1,36
BRDA:27,6,0,39
BRDA:27,6,1,36
BRDA:32,7,0,31
BRDA:32,7,1,45
BRDA:35,8,0,22
BRDA:35,8,1,23
BRDA:38,9,0,0
BRDA:38,9,1,23
BRDA:38,10,0,23
BRDA:38,10,1,2
BRDA:72,11,0,1
BRDA:72,11,1,0
BRDA:73,12,0,1
BRDA:73,12,1,1
BRDA:77,13,0,1
BRDA:77,13,1,0
BRDA:82,14,0,0
BRDA:82,14,1,0
BRDA:83,15,0,0
BRDA:83,15,1,0
BRDA:83,15,2,0
BRDA:83,15,3,0
BRDA:89,16,0,0
BRDA:89,16,1,0
BRDA:99,17,0,6
BRDA:99,17,1,0
BRF:38
BRH:26
end_of_record
