TN:
SF:src\utils\searchEngine.js
FN:13,(anonymous_0)
FN:20,(anonymous_1)
FN:23,(anonymous_2)
FN:53,(anonymous_3)
FN:59,(anonymous_4)
FN:88,(anonymous_5)
FNF:6
FNH:6
FNDA:7,(anonymous_0)
FNDA:19,(anonymous_1)
FNDA:37,(anonymous_2)
FNDA:14,(anonymous_3)
FNDA:1,(anonymous_4)
FNDA:1,(anonymous_5)
DA:13,1
DA:20,7
DA:21,19
DA:23,19
DA:24,37
DA:25,9
DA:29,5
DA:30,3
DA:33,6
DA:34,4
DA:35,2
DA:39,28
DA:44,28
DA:53,7
DA:54,14
DA:57,7
DA:59,7
DA:60,1
DA:61,1
DA:62,1
DA:63,1
DA:64,1
DA:65,1
DA:66,1
DA:69,0
DA:70,0
DA:76,0
DA:77,0
DA:78,0
DA:84,0
DA:87,7
DA:89,1
DA:93,7
LF:33
LH:27
BRDA:24,0,0,9
BRDA:24,0,1,28
BRDA:25,1,0,5
BRDA:25,1,1,4
BRDA:26,2,0,9
BRDA:26,2,1,9
BRDA:26,2,2,4
BRDA:29,3,0,3
BRDA:29,3,1,2
BRDA:33,4,0,4
BRDA:33,4,1,2
BRDA:34,5,0,2
BRDA:34,5,1,2
BRDA:44,6,0,22
BRDA:44,6,1,6
BRDA:44,7,0,28
BRDA:44,7,1,28
BRDA:45,8,0,22
BRDA:45,8,1,10
BRDA:46,9,0,4
BRDA:46,9,1,2
BRDA:46,10,0,6
BRDA:46,10,1,6
BRDA:47,11,0,4
BRDA:47,11,1,2
BRDA:63,12,0,1
BRDA:63,12,1,0
BRDA:63,13,0,1
BRDA:63,13,1,1
BRDA:65,14,0,1
BRDA:65,14,1,0
BRDA:70,15,0,0
BRDA:70,15,1,0
BRDA:71,16,0,0
BRDA:71,16,1,0
BRDA:71,16,2,0
BRDA:71,16,3,0
BRDA:77,17,0,0
BRDA:77,17,1,0
BRDA:87,18,0,7
BRDA:87,18,1,0
BRF:41
BRH:30
end_of_record
